2020-01-09 21:03:11.882 INFO [   scheduling-1] [c.h.a.s.DanggnMarketScheduler] parsing (22): ======= danggnMarket Parsing Start =======
2020-01-09 21:03:12.784 INFO [   scheduling-1] [c.h.a.s.DanggnMarketScheduler] parsing (24): ======= danggnMarket Parsing end =======
2020-01-09 21:03:12.972 ERROR [tTaskExecutor-3] [c.h.a.c.DanggnMarketParser] getArticle (90): https://www.daangn.com/articles/54593815 : Secret Article
2020-01-09 21:03:12.973 ERROR [tTaskExecutor-3] [c.h.a.c.DanggnMarketParser] getArticle (91): {}
2020-01-09 21:03:13.142 ERROR [tTaskExecutor-2] [c.h.a.c.DanggnMarketParser] getArticle (88): https://www.daangn.com/articles/54593817 : Not found
2020-01-09 21:03:14.173 ERROR [tTaskExecutor-1] [c.h.a.c.DanggnMarketParser] getArticle (90): https://www.daangn.com/articles/54593832 : Secret Article
2020-01-09 21:03:14.173 ERROR [tTaskExecutor-1] [c.h.a.c.DanggnMarketParser] getArticle (91): {}
2020-01-09 21:03:14.408 ERROR [tTaskExecutor-2] [c.h.a.c.DanggnMarketParser] getArticle (88): https://www.daangn.com/articles/54593836 : Not found
2020-01-09 21:03:14.515 ERROR [tTaskExecutor-3] [c.h.a.c.DanggnMarketParser] getArticle (88): https://www.daangn.com/articles/54593837 : Not found
2020-01-09 21:03:14.847 ERROR [tTaskExecutor-2] [c.h.a.c.DanggnMarketParser] getArticle (90): https://www.daangn.com/articles/54593842 : Secret Article
2020-01-09 21:03:14.848 ERROR [tTaskExecutor-2] [c.h.a.c.DanggnMarketParser] getArticle (91): {}
2020-01-09 21:03:14.903 ERROR [tTaskExecutor-1] [c.h.a.c.DanggnMarketParser] getArticle (88): https://www.daangn.com/articles/54593844 : Not found
2020-01-09 21:03:15.231 ERROR [tTaskExecutor-1] [c.h.a.c.DanggnMarketParser] getArticle (88): https://www.daangn.com/articles/54593848 : Not found
2020-01-09 21:03:15.314 ERROR [tTaskExecutor-3] [c.h.a.c.DanggnMarketParser] getArticle (88): https://www.daangn.com/articles/54593849 : Not found
2020-01-09 21:03:15.937 ERROR [tTaskExecutor-3] [c.h.a.c.DanggnMarketParser] getArticle (88): https://www.daangn.com/articles/54593857 : Not found
2020-01-09 21:03:16.308 ERROR [tTaskExecutor-3] [c.h.a.c.DanggnMarketParser] getArticle (90): https://www.daangn.com/articles/54593862 : Secret Article
2020-01-09 21:03:16.308 ERROR [tTaskExecutor-3] [c.h.a.c.DanggnMarketParser] getArticle (91): {}
2020-01-09 21:03:17.202 ERROR [tTaskExecutor-2] [c.h.a.c.DanggnMarketParser] getArticle (88): https://www.daangn.com/articles/54593875 : Not found
2020-01-09 21:03:18.217 ERROR [tTaskExecutor-2] [c.h.a.c.DanggnMarketParser] getArticle (90): https://www.daangn.com/articles/54593886 : Secret Article
2020-01-09 21:03:18.217 ERROR [tTaskExecutor-2] [c.h.a.c.DanggnMarketParser] getArticle (91): {}
2020-01-09 21:03:18.244 ERROR [tTaskExecutor-3] [c.h.a.c.DanggnMarketParser] getArticle (88): https://www.daangn.com/articles/54593888 : Not found
2020-01-09 21:03:18.527 ERROR [tTaskExecutor-2] [c.h.a.c.DanggnMarketParser] getArticle (88): https://www.daangn.com/articles/54593892 : Not found
2020-01-09 21:03:19.058 ERROR [tTaskExecutor-1] [c.h.a.c.DanggnMarketParser] getArticle (88): https://www.daangn.com/articles/54593901 : Not found
2020-01-09 21:03:19.170 ERROR [tTaskExecutor-1] [c.h.a.c.DanggnMarketParser] getArticle (88): https://www.daangn.com/articles/54593903 : Not found
2020-01-09 21:03:19.571 ERROR [tTaskExecutor-3] [c.h.a.c.DanggnMarketParser] getArticle (88): https://www.daangn.com/articles/54593909 : Not found
2020-01-09 21:03:20.347 ERROR [tTaskExecutor-1] [c.h.a.c.DanggnMarketParser] getArticle (88): https://www.daangn.com/articles/54593919 : Not found
2020-01-09 21:03:20.564 ERROR [tTaskExecutor-1] [c.h.a.c.DanggnMarketParser] getArticle (90): https://www.daangn.com/articles/54593921 : Secret Article
2020-01-09 21:03:20.564 ERROR [tTaskExecutor-1] [c.h.a.c.DanggnMarketParser] getArticle (91): {}
2020-01-09 21:03:21.508 ERROR [tTaskExecutor-2] [c.h.a.c.DanggnMarketParser] getArticle (90): https://www.daangn.com/articles/54593936 : Secret Article
2020-01-09 21:03:21.509 ERROR [tTaskExecutor-2] [c.h.a.c.DanggnMarketParser] getArticle (91): {}
2020-01-09 21:03:22.402 ERROR [tTaskExecutor-1] [c.h.a.c.DanggnMarketParser] getArticle (88): https://www.daangn.com/articles/54593948 : Not found
2020-01-09 21:03:22.612 ERROR [tTaskExecutor-3] [c.h.a.c.DanggnMarketParser] getArticle (88): https://www.daangn.com/articles/54593951 : Not found
2020-01-09 21:03:23.969 ERROR [tTaskExecutor-1] [c.h.a.c.DanggnMarketParser] getArticle (90): https://www.daangn.com/articles/54593968 : Secret Article
2020-01-09 21:03:23.969 ERROR [tTaskExecutor-1] [c.h.a.c.DanggnMarketParser] getArticle (91): {}
2020-01-09 21:03:24.103 ERROR [tTaskExecutor-3] [c.h.a.c.DanggnMarketParser] getArticle (88): https://www.daangn.com/articles/54593973 : Not found
2020-01-09 21:03:24.269 ERROR [tTaskExecutor-1] [c.h.a.c.DanggnMarketParser] getArticle (88): https://www.daangn.com/articles/54593975 : Not found
2020-01-09 21:03:24.923 ERROR [tTaskExecutor-1] [c.h.a.c.DanggnMarketParser] getArticle (88): https://www.daangn.com/articles/54593982 : Not found
2020-01-09 21:03:25.175 ERROR [tTaskExecutor-3] [c.h.a.c.DanggnMarketParser] getArticle (88): https://www.daangn.com/articles/54593985 : Not found
2020-01-09 21:03:25.243 ERROR [tTaskExecutor-2] [c.h.a.c.DanggnMarketParser] getArticle (88): https://www.daangn.com/articles/54593986 : Not found
2020-01-09 21:03:25.388 ERROR [tTaskExecutor-2] [c.h.a.c.DanggnMarketParser] getArticle (90): https://www.daangn.com/articles/54593989 : Secret Article
2020-01-09 21:03:25.388 ERROR [tTaskExecutor-2] [c.h.a.c.DanggnMarketParser] getArticle (91): {}
2020-01-09 21:03:26.357 ERROR [tTaskExecutor-2] [c.h.a.c.DanggnMarketParser] getArticle (90): https://www.daangn.com/articles/54594002 : Secret Article
2020-01-09 21:03:26.358 ERROR [tTaskExecutor-2] [c.h.a.c.DanggnMarketParser] getArticle (91): {}
2020-01-09 21:03:26.588 ERROR [tTaskExecutor-1] [c.h.a.c.DanggnMarketParser] getArticle (88): https://www.daangn.com/articles/54594006 : Not found
2020-01-09 21:03:28.309 ERROR [tTaskExecutor-1] [c.h.a.c.DanggnMarketParser] getArticle (88): https://www.daangn.com/articles/54594031 : Not found
2020-01-09 21:03:28.589 ERROR [tTaskExecutor-2] [c.h.a.c.DanggnMarketParser] getArticle (88): https://www.daangn.com/articles/54594035 : Not found
2020-01-09 21:03:28.703 ERROR [tTaskExecutor-2] [c.h.a.c.DanggnMarketParser] getArticle (88): https://www.daangn.com/articles/54594038 : Not found
2020-01-09 21:03:28.927 ERROR [tTaskExecutor-3] [c.h.a.c.DanggnMarketParser] getArticle (90): https://www.daangn.com/articles/54594040 : Secret Article
2020-01-09 21:03:28.927 ERROR [tTaskExecutor-3] [c.h.a.c.DanggnMarketParser] getArticle (91): {}
2020-01-09 21:03:29.042 ERROR [tTaskExecutor-2] [c.h.a.c.DanggnMarketParser] getArticle (88): https://www.daangn.com/articles/54594043 : Not found
2020-01-09 21:03:29.078 ERROR [tTaskExecutor-3] [c.h.a.c.DanggnMarketParser] getArticle (88): https://www.daangn.com/articles/54594042 : Not found
2020-01-09 21:03:29.195 ERROR [tTaskExecutor-3] [c.h.a.c.DanggnMarketParser] getArticle (88): https://www.daangn.com/articles/54594045 : Not found
2020-01-09 21:03:29.371 ERROR [tTaskExecutor-3] [c.h.a.c.DanggnMarketParser] getArticle (90): https://www.daangn.com/articles/54594047 : Secret Article
2020-01-09 21:03:29.372 ERROR [tTaskExecutor-3] [c.h.a.c.DanggnMarketParser] getArticle (91): {}
2020-01-09 21:03:29.505 ERROR [tTaskExecutor-1] [c.h.a.c.DanggnMarketParser] getArticle (90): https://www.daangn.com/articles/54594049 : Secret Article
2020-01-09 21:03:29.505 ERROR [tTaskExecutor-1] [c.h.a.c.DanggnMarketParser] getArticle (91): {}
2020-01-09 21:03:29.506 ERROR [tTaskExecutor-2] [c.h.a.c.DanggnMarketParser] getArticle (90): https://www.daangn.com/articles/54594048 : Secret Article
2020-01-09 21:03:29.506 ERROR [tTaskExecutor-2] [c.h.a.c.DanggnMarketParser] getArticle (91): {}
2020-01-09 21:03:29.817 ERROR [tTaskExecutor-3] [c.h.a.c.DanggnMarketParser] getArticle (90): https://www.daangn.com/articles/54594053 : Secret Article
2020-01-09 21:03:29.817 ERROR [tTaskExecutor-3] [c.h.a.c.DanggnMarketParser] getArticle (91): {}
2020-01-09 21:03:30.027 ERROR [tTaskExecutor-1] [c.h.a.c.DanggnMarketParser] getArticle (88): https://www.daangn.com/articles/54594057 : Not found
2020-01-09 21:03:30.268 ERROR [tTaskExecutor-3] [c.h.a.c.DanggnMarketParser] getArticle (90): https://www.daangn.com/articles/54594060 : Secret Article
2020-01-09 21:03:30.268 ERROR [tTaskExecutor-3] [c.h.a.c.DanggnMarketParser] getArticle (91): {}
2020-01-09 21:03:30.478 ERROR [tTaskExecutor-2] [c.h.a.c.DanggnMarketParser] getArticle (88): https://www.daangn.com/articles/54594064 : Not found
