2020-01-04 00:07:55.781 ERROR [   scheduling-1] [o.s.s.s.TaskUtils$LoggingErrorHandler] handleError (95): Unexpected error occurred in scheduled task
java.lang.IllegalStateException: The path to the driver executable must be set by the webdriver.gecko.driver system property; for more information, see https://github.com/mozilla/geckodriver. The latest version can be downloaded from https://github.com/mozilla/geckodriver/releases
	at com.google.common.base.Preconditions.checkState(Preconditions.java:847)
	at org.openqa.selenium.remote.service.DriverService.findExecutable(DriverService.java:134)
	at org.openqa.selenium.firefox.GeckoDriverService.access$100(GeckoDriverService.java:44)
	at org.openqa.selenium.firefox.GeckoDriverService$Builder.findDefaultExecutable(GeckoDriverService.java:167)
	at org.openqa.selenium.remote.service.DriverService$Builder.build(DriverService.java:355)
	at org.openqa.selenium.firefox.FirefoxDriver.toExecutor(FirefoxDriver.java:190)
	at org.openqa.selenium.firefox.FirefoxDriver.<init>(FirefoxDriver.java:147)
	at org.openqa.selenium.firefox.FirefoxDriver.<init>(FirefoxDriver.java:125)
	at com.hanaset.arybyungobserver.component.JoonggonaraParser.naverLogin(JoonggonaraParser.java:75)
	at com.hanaset.arybyungobserver.scheduler.JoonggonaraScheduler.test(JoonggonaraScheduler.java:20)
	at sun.reflect.NativeMethodAccessorImpl.invoke0(Native Method)
	at sun.reflect.NativeMethodAccessorImpl.invoke(NativeMethodAccessorImpl.java:62)
	at sun.reflect.DelegatingMethodAccessorImpl.invoke(DelegatingMethodAccessorImpl.java:43)
	at java.lang.reflect.Method.invoke(Method.java:498)
	at org.springframework.scheduling.support.ScheduledMethodRunnable.run(ScheduledMethodRunnable.java:84)
	at org.springframework.scheduling.support.DelegatingErrorHandlingRunnable.run(DelegatingErrorHandlingRunnable.java:54)
	at java.util.concurrent.Executors$RunnableAdapter.call(Executors.java:511)
	at java.util.concurrent.FutureTask.runAndReset(FutureTask.java:308)
	at java.util.concurrent.ScheduledThreadPoolExecutor$ScheduledFutureTask.access$301(ScheduledThreadPoolExecutor.java:180)
	at java.util.concurrent.ScheduledThreadPoolExecutor$ScheduledFutureTask.run(ScheduledThreadPoolExecutor.java:294)
	at java.util.concurrent.ThreadPoolExecutor.runWorker(ThreadPoolExecutor.java:1149)
	at java.util.concurrent.ThreadPoolExecutor$Worker.run(ThreadPoolExecutor.java:624)
	at java.lang.Thread.run(Thread.java:748)
2020-01-04 00:08:21.864 ERROR [   scheduling-1] [o.s.s.s.TaskUtils$LoggingErrorHandler] handleError (95): Unexpected error occurred in scheduled task
java.lang.IllegalStateException: The driver executable does not exist: /Users/luke/workplace/Arybyung/arybyung-observer/src/main/resources/webDriver/gechodriver
	at com.google.common.base.Preconditions.checkState(Preconditions.java:585)
	at org.openqa.selenium.remote.service.DriverService.checkExecutable(DriverService.java:146)
	at org.openqa.selenium.remote.service.DriverService.findExecutable(DriverService.java:141)
	at org.openqa.selenium.firefox.GeckoDriverService.access$100(GeckoDriverService.java:44)
	at org.openqa.selenium.firefox.GeckoDriverService$Builder.findDefaultExecutable(GeckoDriverService.java:167)
	at org.openqa.selenium.remote.service.DriverService$Builder.build(DriverService.java:355)
	at org.openqa.selenium.firefox.FirefoxDriver.toExecutor(FirefoxDriver.java:190)
	at org.openqa.selenium.firefox.FirefoxDriver.<init>(FirefoxDriver.java:147)
	at org.openqa.selenium.firefox.FirefoxDriver.<init>(FirefoxDriver.java:125)
	at com.hanaset.arybyungobserver.component.JoonggonaraParser.naverLogin(JoonggonaraParser.java:75)
	at com.hanaset.arybyungobserver.scheduler.JoonggonaraScheduler.test(JoonggonaraScheduler.java:20)
	at sun.reflect.NativeMethodAccessorImpl.invoke0(Native Method)
	at sun.reflect.NativeMethodAccessorImpl.invoke(NativeMethodAccessorImpl.java:62)
	at sun.reflect.DelegatingMethodAccessorImpl.invoke(DelegatingMethodAccessorImpl.java:43)
	at java.lang.reflect.Method.invoke(Method.java:498)
	at org.springframework.scheduling.support.ScheduledMethodRunnable.run(ScheduledMethodRunnable.java:84)
	at org.springframework.scheduling.support.DelegatingErrorHandlingRunnable.run(DelegatingErrorHandlingRunnable.java:54)
	at java.util.concurrent.Executors$RunnableAdapter.call(Executors.java:511)
	at java.util.concurrent.FutureTask.runAndReset(FutureTask.java:308)
	at java.util.concurrent.ScheduledThreadPoolExecutor$ScheduledFutureTask.access$301(ScheduledThreadPoolExecutor.java:180)
	at java.util.concurrent.ScheduledThreadPoolExecutor$ScheduledFutureTask.run(ScheduledThreadPoolExecutor.java:294)
	at java.util.concurrent.ThreadPoolExecutor.runWorker(ThreadPoolExecutor.java:1149)
	at java.util.concurrent.ThreadPoolExecutor$Worker.run(ThreadPoolExecutor.java:624)
	at java.lang.Thread.run(Thread.java:748)
