2020-01-13 11:14:36.710 ERROR [tTaskExecutor-1] [c.h.a.c.DanggnMarketParser] getArticle (88): https://www.daangn.com/articles/54594900 : Not found
2020-01-13 11:14:36.755 ERROR [   scheduling-1] [c.h.a.c.JoonggonaraParser] getArticle (109): https://cafe.naver.com/ArticleRead.nhn?clubid=10050146&page=1&boardtype=L&referrerAllArticles=true&articleid=691000001 : null
2020-01-13 11:14:36.771 ERROR [   scheduling-1] [c.h.a.c.JoonggonaraParser] getArticle (109): https://cafe.naver.com/ArticleRead.nhn?clubid=10050146&page=1&boardtype=L&referrerAllArticles=true&articleid=691000002 : null
2020-01-13 11:14:36.779 ERROR [tTaskExecutor-1] [c.h.a.c.DanggnMarketParser] getArticle (88): https://www.daangn.com/articles/54594903 : Not found
2020-01-13 11:14:36.931 ERROR [   scheduling-1] [c.h.a.c.JoonggonaraParser] getArticle (109): https://cafe.naver.com/ArticleRead.nhn?clubid=10050146&page=1&boardtype=L&referrerAllArticles=true&articleid=691000003 : null
2020-01-13 11:14:36.950 ERROR [   scheduling-1] [c.h.a.c.JoonggonaraParser] getArticle (109): https://cafe.naver.com/ArticleRead.nhn?clubid=10050146&page=1&boardtype=L&referrerAllArticles=true&articleid=691000004 : null
2020-01-13 11:14:36.968 ERROR [   scheduling-1] [c.h.a.c.JoonggonaraParser] getArticle (109): https://cafe.naver.com/ArticleRead.nhn?clubid=10050146&page=1&boardtype=L&referrerAllArticles=true&articleid=691000005 : null
2020-01-13 11:14:36.984 ERROR [   scheduling-1] [c.h.a.c.JoonggonaraParser] getArticle (109): https://cafe.naver.com/ArticleRead.nhn?clubid=10050146&page=1&boardtype=L&referrerAllArticles=true&articleid=691000006 : null
2020-01-13 11:14:37.160 ERROR [tTaskExecutor-2] [c.h.a.c.DanggnMarketParser] getArticle (88): https://www.daangn.com/articles/54594910 : Not found
2020-01-13 11:14:37.311 ERROR [   scheduling-1] [c.h.a.c.JoonggonaraParser] getArticle (109): https://cafe.naver.com/ArticleRead.nhn?clubid=10050146&page=1&boardtype=L&referrerAllArticles=true&articleid=691000008 : null
2020-01-13 11:14:37.572 ERROR [tTaskExecutor-1] [c.h.a.c.DanggnMarketParser] getArticle (88): https://www.daangn.com/articles/54594920 : Not found
2020-01-13 11:14:37.699 ERROR [   scheduling-1] [c.h.a.c.JoonggonaraParser] getArticle (109): https://cafe.naver.com/ArticleRead.nhn?clubid=10050146&page=1&boardtype=L&referrerAllArticles=true&articleid=691000010 : null
2020-01-13 11:14:37.784 ERROR [   scheduling-1] [c.h.a.c.JoonggonaraParser] getArticle (109): https://cafe.naver.com/ArticleRead.nhn?clubid=10050146&page=1&boardtype=L&referrerAllArticles=true&articleid=691000011 : null
2020-01-13 11:14:37.884 ERROR [   scheduling-1] [c.h.a.c.JoonggonaraParser] getArticle (109): https://cafe.naver.com/ArticleRead.nhn?clubid=10050146&page=1&boardtype=L&referrerAllArticles=true&articleid=691000012 : null
2020-01-13 11:14:37.960 ERROR [tTaskExecutor-3] [c.h.a.c.DanggnMarketParser] getArticle (90): https://www.daangn.com/articles/54594927 : Secret Article
2020-01-13 11:14:37.960 ERROR [tTaskExecutor-3] [c.h.a.c.DanggnMarketParser] getArticle (91): {}
2020-01-13 11:14:38.046 ERROR [tTaskExecutor-2] [c.h.a.c.DanggnMarketParser] getArticle (88): https://www.daangn.com/articles/54594929 : Not found
2020-01-13 11:14:38.115 ERROR [tTaskExecutor-3] [c.h.a.c.DanggnMarketParser] getArticle (88): https://www.daangn.com/articles/54594928 : Not found
2020-01-13 11:14:38.184 ERROR [tTaskExecutor-3] [c.h.a.c.DanggnMarketParser] getArticle (88): https://www.daangn.com/articles/54594932 : Not found
2020-01-13 11:14:38.258 ERROR [tTaskExecutor-3] [c.h.a.c.DanggnMarketParser] getArticle (88): https://www.daangn.com/articles/54594934 : Not found
2020-01-13 11:14:38.378 ERROR [tTaskExecutor-1] [c.h.a.c.DanggnMarketParser] getArticle (90): https://www.daangn.com/articles/54594937 : Secret Article
2020-01-13 11:14:38.378 ERROR [tTaskExecutor-1] [c.h.a.c.DanggnMarketParser] getArticle (91): {}
2020-01-13 11:14:38.461 ERROR [tTaskExecutor-1] [c.h.a.c.DanggnMarketParser] getArticle (88): https://www.daangn.com/articles/54594938 : Not found
2020-01-13 11:14:38.480 ERROR [tTaskExecutor-2] [c.h.a.c.DanggnMarketParser] getArticle (88): https://www.daangn.com/articles/54594940 : Not found
2020-01-13 11:14:38.524 ERROR [   scheduling-1] [c.h.a.c.JoonggonaraParser] getArticle (109): https://cafe.naver.com/ArticleRead.nhn?clubid=10050146&page=1&boardtype=L&referrerAllArticles=true&articleid=691000015 : null
2020-01-13 11:14:38.541 ERROR [   scheduling-1] [c.h.a.c.JoonggonaraParser] getArticle (109): https://cafe.naver.com/ArticleRead.nhn?clubid=10050146&page=1&boardtype=L&referrerAllArticles=true&articleid=691000016 : null
2020-01-13 11:14:38.671 ERROR [tTaskExecutor-2] [c.h.a.c.DanggnMarketParser] getArticle (88): https://www.daangn.com/articles/54594945 : Not found
2020-01-13 11:14:38.942 ERROR [   scheduling-1] [c.h.a.c.JoonggonaraParser] getArticle (109): https://cafe.naver.com/ArticleRead.nhn?clubid=10050146&page=1&boardtype=L&referrerAllArticles=true&articleid=691000018 : null
2020-01-13 11:14:38.957 ERROR [   scheduling-1] [c.h.a.c.JoonggonaraParser] getArticle (109): https://cafe.naver.com/ArticleRead.nhn?clubid=10050146&page=1&boardtype=L&referrerAllArticles=true&articleid=691000019 : null
2020-01-13 11:14:38.971 ERROR [   scheduling-1] [c.h.a.c.JoonggonaraParser] getArticle (109): https://cafe.naver.com/ArticleRead.nhn?clubid=10050146&page=1&boardtype=L&referrerAllArticles=true&articleid=691000020 : null
2020-01-13 11:14:38.989 ERROR [   scheduling-1] [c.h.a.c.JoonggonaraParser] getArticle (109): https://cafe.naver.com/ArticleRead.nhn?clubid=10050146&page=1&boardtype=L&referrerAllArticles=true&articleid=691000021 : null
2020-01-13 11:14:39.256 ERROR [   scheduling-1] [c.h.a.c.JoonggonaraParser] getArticle (109): https://cafe.naver.com/ArticleRead.nhn?clubid=10050146&page=1&boardtype=L&referrerAllArticles=true&articleid=691000023 : null
2020-01-13 11:14:39.320 ERROR [tTaskExecutor-1] [c.h.a.c.DanggnMarketParser] getArticle (88): https://www.daangn.com/articles/54594957 : Not found
2020-01-13 11:14:39.401 ERROR [tTaskExecutor-2] [c.h.a.c.DanggnMarketParser] getArticle (88): https://www.daangn.com/articles/54594960 : Not found
2020-01-13 11:14:39.505 ERROR [tTaskExecutor-3] [c.h.a.c.DanggnMarketParser] getArticle (88): https://www.daangn.com/articles/54594962 : Not found
2020-01-13 11:14:39.564 ERROR [tTaskExecutor-3] [c.h.a.c.DanggnMarketParser] getArticle (88): https://www.daangn.com/articles/54594964 : Not found
2020-01-13 11:14:39.569 ERROR [   scheduling-1] [c.h.a.c.JoonggonaraParser] getArticle (109): https://cafe.naver.com/ArticleRead.nhn?clubid=10050146&page=1&boardtype=L&referrerAllArticles=true&articleid=691000025 : null
2020-01-13 11:14:39.585 ERROR [   scheduling-1] [c.h.a.c.JoonggonaraParser] getArticle (109): https://cafe.naver.com/ArticleRead.nhn?clubid=10050146&page=1&boardtype=L&referrerAllArticles=true&articleid=691000026 : null
2020-01-13 11:14:39.602 ERROR [   scheduling-1] [c.h.a.c.JoonggonaraParser] getArticle (109): https://cafe.naver.com/ArticleRead.nhn?clubid=10050146&page=1&boardtype=L&referrerAllArticles=true&articleid=691000027 : null
2020-01-13 11:14:39.976 ERROR [tTaskExecutor-3] [c.h.a.c.DanggnMarketParser] getArticle (88): https://www.daangn.com/articles/54594974 : Not found
2020-01-13 11:14:40.211 ERROR [tTaskExecutor-2] [c.h.a.c.DanggnMarketParser] getArticle (88): https://www.daangn.com/articles/54594980 : Not found
2020-01-13 11:14:40.260 ERROR [tTaskExecutor-1] [c.h.a.c.DanggnMarketParser] getArticle (88): https://www.daangn.com/articles/54594982 : Not found
2020-01-13 11:14:40.340 ERROR [tTaskExecutor-1] [c.h.a.c.DanggnMarketParser] getArticle (88): https://www.daangn.com/articles/54594984 : Not found
2020-01-13 11:14:40.389 ERROR [tTaskExecutor-2] [c.h.a.c.DanggnMarketParser] getArticle (88): https://www.daangn.com/articles/54594985 : Not found
2020-01-13 11:14:40.730 ERROR [tTaskExecutor-3] [c.h.a.c.DanggnMarketParser] getArticle (90): https://www.daangn.com/articles/54594992 : Secret Article
2020-01-13 11:14:40.730 ERROR [tTaskExecutor-3] [c.h.a.c.DanggnMarketParser] getArticle (91): {}
2020-01-13 11:14:40.766 ERROR [   scheduling-1] [c.h.a.c.JoonggonaraParser] getArticle (109): https://cafe.naver.com/ArticleRead.nhn?clubid=10050146&page=1&boardtype=L&referrerAllArticles=true&articleid=691000032 : null
2020-01-13 11:14:40.783 ERROR [   scheduling-1] [c.h.a.c.JoonggonaraParser] getArticle (109): https://cafe.naver.com/ArticleRead.nhn?clubid=10050146&page=1&boardtype=L&referrerAllArticles=true&articleid=691000033 : null
2020-01-13 11:14:40.799 ERROR [   scheduling-1] [c.h.a.c.JoonggonaraParser] getArticle (109): https://cafe.naver.com/ArticleRead.nhn?clubid=10050146&page=1&boardtype=L&referrerAllArticles=true&articleid=691000034 : null
2020-01-13 11:14:40.823 ERROR [tTaskExecutor-1] [c.h.a.c.DanggnMarketParser] getArticle (88): https://www.daangn.com/articles/54594996 : Not found
2020-01-13 11:14:41.220 ERROR [tTaskExecutor-3] [c.h.a.c.DanggnMarketParser] getArticle (90): https://www.daangn.com/articles/54595002 : Secret Article
2020-01-13 11:14:41.220 ERROR [tTaskExecutor-3] [c.h.a.c.DanggnMarketParser] getArticle (91): {}
2020-01-13 11:15:46.717 ERROR [           main] [c.h.a.c.JoonggonaraParser] getArticle (109): https://cafe.naver.com/ArticleRead.nhn?clubid=10050146&page=1&boardtype=L&referrerAllArticles=true&articleid=694781369 : null
2020-01-13 11:18:33.621 ERROR [           main] [c.h.a.c.JoonggonaraParser] getArticle (108): https://cafe.naver.com/ArticleRead.nhn?clubid=10050146&page=1&boardtype=L&referrerAllArticles=true&articleid=694781369 : null
